<?xml version="1.0" encoding="UTF-8"?>
<testsuite name="com.syncsound.app.audio.PacketReorderBufferTest" tests="2" skipped="0" failures="0" errors="0" timestamp="2026-07-26T05:26:02.929Z" hostname="nitins-MacBook-Air.local" time="0.003">
  <properties/>
  <testcase name="reorderedPacketIsPlayedInSequenceWhenItArrivesInsideWindow" classname="com.syncsound.app.audio.PacketReorderBufferTest" time="0.002"/>
  <testcase name="missingPacketIsSkippedAfterDeadline" classname="com.syncsound.app.audio.PacketReorderBufferTest" time="0.0"/>
  <system-out><![CDATA[]]></system-out>
  <system-err><![CDATA[]]></system-err>
</testsuite>
