<?xml version="1.0" encoding="UTF-8"?>
<testsuite name="com.syncsound.app.audio.TonePcmGeneratorTest" tests="2" skipped="0" failures="0" errors="0" timestamp="2026-07-26T05:26:02.938Z" hostname="nitins-MacBook-Air.local" time="0.055">
  <properties/>
  <testcase name="generatedToneIsApproximately440Hz" classname="com.syncsound.app.audio.TonePcmGeneratorTest" time="0.051"/>
  <testcase name="generatedToneHasExpectedDurationAndAudibleSamples" classname="com.syncsound.app.audio.TonePcmGeneratorTest" time="0.004"/>
  <system-out><![CDATA[]]></system-out>
  <system-err><![CDATA[]]></system-err>
</testsuite>
